This is pdfTeX, Version 3.1415926-1.40.10 (TeX Live 2009/Debian) (format=pdflatex 2015.8.25)  28 AUG 2015 00:40
entering extended mode
 %&-line parsing enabled.
**"Assignment 3.tex"
(./Assignment 3.tex
LaTeX2e <2009/09/24>
Babel <v3.8l> and hyphenation patterns for english, usenglishmax, dumylang, noh
yphenation, loaded.
(/usr/share/texmf-texlive/tex/latex/base/article.cls
Document Class: article 2007/10/19 v1.4h Standard LaTeX document class
(/usr/share/texmf-texlive/tex/latex/base/size11.clo
File: size11.clo 2007/10/19 v1.4h Standard LaTeX file (size option)
)
\c@part=\count79
\c@section=\count80
\c@subsection=\count81
\c@subsubsection=\count82
\c@paragraph=\count83
\c@subparagraph=\count84
\c@figure=\count85
\c@table=\count86
\abovecaptionskip=\skip41
\belowcaptionskip=\skip42
\bibindent=\dimen102
)
(/usr/share/texmf-texlive/tex/latex/amsfonts/amssymb.sty
Package: amssymb 2009/06/22 v3.00

(/usr/share/texmf-texlive/tex/latex/amsfonts/amsfonts.sty
Package: amsfonts 2009/06/22 v3.00 Basic AMSFonts support
\@emptytoks=\toks14
\symAMSa=\mathgroup4
\symAMSb=\mathgroup5
LaTeX Font Info:    Overwriting math alphabet `\mathfrak' in version `bold'
(Font)                  U/euf/m/n --> U/euf/b/n on input line 96.
))
(/usr/share/texmf-texlive/tex/latex/graphics/graphicx.sty
Package: graphicx 1999/02/16 v1.0f Enhanced LaTeX Graphics (DPC,SPQR)

(/usr/share/texmf-texlive/tex/latex/graphics/keyval.sty
Package: keyval 1999/03/16 v1.13 key=value parser (DPC)
\KV@toks@=\toks15
)
(/usr/share/texmf-texlive/tex/latex/graphics/graphics.sty
Package: graphics 2009/02/05 v1.0o Standard LaTeX Graphics (DPC,SPQR)

(/usr/share/texmf-texlive/tex/latex/graphics/trig.sty
Package: trig 1999/03/16 v1.09 sin cos tan (DPC)
)
(/etc/texmf/tex/latex/config/graphics.cfg
File: graphics.cfg 2009/08/28 v1.8 graphics configuration of TeX Live
)
Package graphics Info: Driver file: pdftex.def on input line 91.

(/usr/share/texmf-texlive/tex/latex/pdftex-def/pdftex.def
File: pdftex.def 2010/03/12 v0.04p Graphics/color for pdfTeX
\Gread@gobject=\count87
))
\Gin@req@height=\dimen103
\Gin@req@width=\dimen104
)
No file "Assignment 3".aux.
\openout1 = `"Assignment 3.aux"'.

LaTeX Font Info:    Checking defaults for OML/cmm/m/it on input line 10.
LaTeX Font Info:    ... okay on input line 10.
LaTeX Font Info:    Checking defaults for T1/cmr/m/n on input line 10.
LaTeX Font Info:    ... okay on input line 10.
LaTeX Font Info:    Checking defaults for OT1/cmr/m/n on input line 10.
LaTeX Font Info:    ... okay on input line 10.
LaTeX Font Info:    Checking defaults for OMS/cmsy/m/n on input line 10.
LaTeX Font Info:    ... okay on input line 10.
LaTeX Font Info:    Checking defaults for OMX/cmex/m/n on input line 10.
LaTeX Font Info:    ... okay on input line 10.
LaTeX Font Info:    Checking defaults for U/cmr/m/n on input line 10.
LaTeX Font Info:    ... okay on input line 10.
(/usr/share/texmf-texlive/tex/context/base/supp-pdf.mkii
[Loading MPS to PDF converter (version 2006.09.02).]
\scratchcounter=\count88
\scratchdimen=\dimen105
\scratchbox=\box26
\nofMPsegments=\count89
\nofMParguments=\count90
\everyMPshowfont=\toks16
\MPscratchCnt=\count91
\MPscratchDim=\dimen106
\MPnumerator=\count92
\everyMPtoPDFconversion=\toks17
)
LaTeX Font Info:    Try loading font information for U+msa on input line 11.
 (/usr/share/texmf-texlive/tex/latex/amsfonts/umsa.fd
File: umsa.fd 2009/06/22 v3.00 AMS symbols A
)
LaTeX Font Info:    Try loading font information for U+msb on input line 11.

(/usr/share/texmf-texlive/tex/latex/amsfonts/umsb.fd
File: umsb.fd 2009/06/22 v3.00 AMS symbols B
)
Underfull \hbox (badness 10000) in paragraph at lines 12--17

 []


Underfull \hbox (badness 10000) in paragraph at lines 12--17

 []


Underfull \hbox (badness 10000) in paragraph at lines 17--36

 []


Underfull \hbox (badness 10000) in paragraph at lines 17--36

 []


Underfull \hbox (badness 10000) in paragraph at lines 17--36

 []


Underfull \hbox (badness 10000) in paragraph at lines 17--36

 []


Underfull \hbox (badness 10000) in paragraph at lines 17--36

 []


Underfull \hbox (badness 10000) in paragraph at lines 17--36

 []


Underfull \hbox (badness 10000) in paragraph at lines 17--36

 []


Underfull \hbox (badness 10000) in paragraph at lines 17--36

 []


Underfull \hbox (badness 10000) in paragraph at lines 17--36

 []


Overfull \hbox (1.51622pt too wide) in paragraph at lines 17--36
\OT1/cmr/m/n/14.4 Show that $\OML/cmm/m/it/14.4 U\OT1/cmr/m/n/14.4 (14) =\OML/c
mm/m/it/14.4 < \OT1/cmr/m/n/14.4 3 \OML/cmm/m/it/14.4 >\OT1/cmr/m/n/14.4 =\OML/
cmm/m/it/14.4 < \OT1/cmr/m/n/14.4 5 \OML/cmm/m/it/14.4 > :$\OT1/cmr/m/n/14.4 [H
ence, $\OML/cmm/m/it/14.4 U\OT1/cmr/m/n/14.4 (14)$ is cyclic.]Is
 []


Underfull \hbox (badness 10000) in paragraph at lines 17--36

 []


Underfull \hbox (badness 10000) in paragraph at lines 17--36

 []


Underfull \hbox (badness 10000) in paragraph at lines 17--36

 []

[1

{/var/lib/texmf/fonts/map/pdftex/updmap/pdftex.map}] [2]
Underfull \hbox (badness 10000) in paragraph at lines 36--39

 []


Underfull \hbox (badness 10000) in paragraph at lines 36--39

 []


Underfull \hbox (badness 10000) in paragraph at lines 39--47

 []


Underfull \hbox (badness 10000) in paragraph at lines 39--47

 []


Underfull \hbox (badness 10000) in paragraph at lines 39--47

 []


Underfull \hbox (badness 10000) in paragraph at lines 39--47

 []


Underfull \hbox (badness 10000) in paragraph at lines 39--47

 []


Underfull \hbox (badness 10000) in paragraph at lines 39--47

 []

[3]
Underfull \hbox (badness 10000) in paragraph at lines 47--49

 []


Underfull \hbox (badness 10000) in paragraph at lines 50--52

 []


Underfull \hbox (badness 10000) in paragraph at lines 57--60

 []

[4] [5]
Underfull \hbox (badness 10000) in paragraph at lines 62--92

 []


Underfull \hbox (badness 10000) in paragraph at lines 62--92

 []


Underfull \hbox (badness 10000) in paragraph at lines 62--92

 []


Underfull \hbox (badness 10000) in paragraph at lines 62--92

 []


Underfull \hbox (badness 10000) in paragraph at lines 62--92

 []


Underfull \hbox (badness 10000) in paragraph at lines 62--92

 []


Underfull \hbox (badness 10000) in paragraph at lines 62--92

 []


Underfull \hbox (badness 10000) in paragraph at lines 62--92

 []


Underfull \hbox (badness 10000) in paragraph at lines 62--92

 []


Underfull \hbox (badness 10000) in paragraph at lines 62--92

 []


Underfull \hbox (badness 10000) in paragraph at lines 62--92

 []

[6] [7] [8] (./Assignment 3.aux) )
(\end occurred inside a group at level 1)

### simple group (level 1) entered at line 30 ({)
### bottom level 
Here is how much of TeX's memory you used:
 1221 strings out of 495061
 14810 string characters out of 1182621
 64089 words of memory out of 3000000
 4431 multiletter control sequences out of 15000+50000
 16436 words of font info for 64 fonts, out of 3000000 for 9000
 28 hyphenation exceptions out of 8191
 25i,6n,24p,242b,204s stack positions out of 5000i,500n,10000p,200000b,50000s
</usr/share/texmf-texlive/fonts/type1/public/amsfonts/cm/cmbx12
.pfb></usr/share/texmf-texlive/fonts/type1/public/amsfonts/cm/cmmi12.pfb></usr/
share/texmf-texlive/fonts/type1/public/amsfonts/cm/cmr10.pfb></usr/share/texmf-
texlive/fonts/type1/public/amsfonts/cm/cmr12.pfb></usr/share/texmf-texlive/font
s/type1/public/amsfonts/cm/cmsy10.pfb></usr/share/texmf-texlive/fonts/type1/pub
lic/amsfonts/symbols/msam10.pfb>
Output written on "Assignment 3.pdf" (8 pages, 86729 bytes).
PDF statistics:
 53 PDF objects out of 1000 (max. 8388607)
 0 named destinations out of 1000 (max. 500000)
 1 words of extra memory for PDF output out of 10000 (max. 10000000)

